<?xml version="1.0" encoding="UTF-8"?>
<!-- Generated by org.testng.reporters.JUnitReportReporter -->
<testsuite hostname="Arshad-Laptop" failures="0" tests="1" name="MPOGroup.ID.Demo" time="3.847" errors="0" timestamp="2024-02-27T22:37:02 PKT" skipped="0">
  <testcase classname="MPOGroup.ID.Demo" name="Approach2" time="3.847"/>
</testsuite> <!-- MPOGroup.ID.Demo -->
