<?xml version="1.0" encoding="UTF-8"?>
<!-- Generated by org.testng.reporters.JUnitReportReporter -->
<testsuite hostname="Arshad-Laptop" failures="0" tests="4" name="api.test.UserTests" time="10.820" errors="0" timestamp="2024-03-02T04:27:50 PKT" skipped="0">
  <testcase classname="api.test.UserTests" name="testPostUser" time="4.516"/>
  <testcase classname="api.test.UserTests" name="testGetUserByName" time="1.608"/>
  <testcase classname="api.test.UserTests" name="testUpdateUserByName" time="3.152"/>
  <testcase classname="api.test.UserTests" name="testDeleteUserByName" time="1.544"/>
</testsuite> <!-- api.test.UserTests -->
